# JRE version: OpenJDK Runtime Environment (8.0_252-b09) (build 1.8.0_252-b09)
# Java VM: OpenJDK 64-Bit Server VM (25.252-b09 mixed mode windows-amd64 compressed oops)
Heap:
 PSYoungGen      total 115200K, used 45089K [0x00000000d6780000, 0x00000000deb80000, 0x0000000100000000)
  eden space 100352K, 31% used [0x00000000d6780000,0x00000000d869f020,0x00000000dc980000)
  from space 14848K, 89% used [0x00000000dd980000,0x00000000de669440,0x00000000de800000)
  to   space 16384K, 0% used [0x00000000dc980000,0x00000000dc980000,0x00000000dd980000)
 ParOldGen       total 75776K, used 48341K [0x0000000083600000, 0x0000000088000000, 0x00000000d6780000)
  object space 75776K, 63% used [0x0000000083600000,0x0000000086535660,0x0000000088000000)
 Metaspace       used 56020K, capacity 57836K, committed 57984K, reserved 1099776K
  class space    used 6896K, capacity 7283K, committed 7296K, reserved 1048576K
GC Heap History (48 events):
Event: 4.087 GC heap before
{Heap before GC invocations=1 (full 0):
 PSYoungGen      total 37888K, used 32768K [0x00000000d6780000, 0x00000000d9180000, 0x0000000100000000)
  eden space 32768K, 100% used [0x00000000d6780000,0x00000000d8780000,0x00000000d8780000)
  from space 5120K, 0% used [0x00000000d8c80000,0x00000000d8c80000,0x00000000d9180000)
  to   space 5120K, 0% used [0x00000000d8780000,0x00000000d8780000,0x00000000d8c80000)
 ParOldGen       total 86016K, used 0K [0x0000000083600000, 0x0000000088a00000, 0x00000000d6780000)
  object space 86016K, 0% used [0x0000000083600000,0x0000000083600000,0x0000000088a00000)
 Metaspace       used 9257K, capacity 9372K, committed 9600K, reserved 1058816K
  class space    used 1006K, capacity 1080K, committed 1152K, reserved 1048576K
Event: 4.103 GC heap after
Heap after GC invocations=1 (full 0):
 PSYoungGen      total 37888K, used 5105K [0x00000000d6780000, 0x00000000d9180000, 0x0000000100000000)
  eden space 32768K, 0% used [0x00000000d6780000,0x00000000d6780000,0x00000000d8780000)
  from space 5120K, 99% used [0x00000000d8780000,0x00000000d8c7c708,0x00000000d8c80000)
  to   space 5120K, 0% used [0x00000000d8c80000,0x00000000d8c80000,0x00000000d9180000)
 ParOldGen       total 86016K, used 233K [0x0000000083600000, 0x0000000088a00000, 0x00000000d6780000)
  object space 86016K, 0% used [0x0000000083600000,0x000000008363a5e8,0x0000000088a00000)
 Metaspace       used 9257K, capacity 9372K, committed 9600K, reserved 1058816K
  class space    used 1006K, capacity 1080K, committed 1152K, reserved 1048576K
}
Event: 5.085 GC heap before
{Heap before GC invocations=2 (full 0):
 PSYoungGen      total 37888K, used 37873K [0x00000000d6780000, 0x00000000d9180000, 0x0000000100000000)
  eden space 32768K, 100% used [0x00000000d6780000,0x00000000d8780000,0x00000000d8780000)
  from space 5120K, 99% used [0x00000000d8780000,0x00000000d8c7c708,0x00000000d8c80000)
  to   space 5120K, 0% used [0x00000000d8c80000,0x00000000d8c80000,0x00000000d9180000)
 ParOldGen       total 86016K, used 233K [0x0000000083600000, 0x0000000088a00000, 0x00000000d6780000)
  object space 86016K, 0% used [0x0000000083600000,0x000000008363a5e8,0x0000000088a00000)
 Metaspace       used 11596K, capacity 11722K, committed 11904K, reserved 1060864K
  class space    used 1295K, capacity 1350K, committed 1408K, reserved 1048576K
Event: 5.093 GC heap after
Heap after GC invocations=2 (full 0):
 PSYoungGen      total 37888K, used 5104K [0x00000000d6780000, 0x00000000d9180000, 0x0000000100000000)
  eden space 32768K, 0% used [0x00000000d6780000,0x00000000d6780000,0x00000000d8780000)
  from space 5120K, 99% used [0x00000000d8c80000,0x00000000d917c1e0,0x00000000d9180000)
  to   space 5120K, 0% used [0x00000000d8780000,0x00000000d8780000,0x00000000d8c80000)
 ParOldGen       total 86016K, used 1195K [0x0000000083600000, 0x0000000088a00000, 0x00000000d6780000)
  object space 86016K, 1% used [0x0000000083600000,0x000000008372ac70,0x0000000088a00000)
 Metaspace       used 11596K, capacity 11722K, committed 11904K, reserved 1060864K
  class space    used 1295K, capacity 1350K, committed 1408K, reserved 1048576K
}
Event: 6.355 GC heap before
{Heap before GC invocations=3 (full 0):
 PSYoungGen      total 37888K, used 37872K [0x00000000d6780000, 0x00000000d9180000, 0x0000000100000000)
  eden space 32768K, 100% used [0x00000000d6780000,0x00000000d8780000,0x00000000d8780000)
  from space 5120K, 99% used [0x00000000d8c80000,0x00000000d917c1e0,0x00000000d9180000)
  to   space 5120K, 0% used [0x00000000d8780000,0x00000000d8780000,0x00000000d8c80000)
 ParOldGen       total 86016K, used 1195K [0x0000000083600000, 0x0000000088a00000, 0x00000000d6780000)
  object space 86016K, 1% used [0x0000000083600000,0x000000008372ac70,0x0000000088a00000)
 Metaspace       used 15087K, capacity 15338K, committed 15744K, reserved 1062912K
  class space    used 1742K, capacity 1814K, committed 1920K, reserved 1048576K
Event: 6.363 GC heap after
Heap after GC invocations=3 (full 0):
 PSYoungGen      total 37888K, used 5107K [0x00000000d6780000, 0x00000000d9180000, 0x0000000100000000)
  eden space 32768K, 0% used [0x00000000d6780000,0x00000000d6780000,0x00000000d8780000)
  from space 5120K, 99% used [0x00000000d8780000,0x00000000d8c7ce68,0x00000000d8c80000)
  to   space 5120K, 0% used [0x00000000d8c80000,0x00000000d8c80000,0x00000000d9180000)
 ParOldGen       total 86016K, used 3261K [0x0000000083600000, 0x0000000088a00000, 0x00000000d6780000)
  object space 86016K, 3% used [0x0000000083600000,0x000000008392f420,0x0000000088a00000)
 Metaspace       used 15087K, capacity 15338K, committed 15744K, reserved 1062912K
  class space    used 1742K, capacity 1814K, committed 1920K, reserved 1048576K
}
Event: 7.678 GC heap before
{Heap before GC invocations=4 (full 0):
 PSYoungGen      total 37888K, used 37875K [0x00000000d6780000, 0x00000000d9180000, 0x0000000100000000)
  eden space 32768K, 100% used [0x00000000d6780000,0x00000000d8780000,0x00000000d8780000)
  from space 5120K, 99% used [0x00000000d8780000,0x00000000d8c7ce68,0x00000000d8c80000)
  to   space 5120K, 0% used [0x00000000d8c80000,0x00000000d8c80000,0x00000000d9180000)
 ParOldGen       total 86016K, used 3261K [0x0000000083600000, 0x0000000088a00000, 0x00000000d6780000)
  object space 86016K, 3% used [0x0000000083600000,0x000000008392f420,0x0000000088a00000)
 Metaspace       used 16549K, capacity 16834K, committed 17152K, reserved 1064960K
  class space    used 1847K, capacity 1946K, committed 2048K, reserved 1048576K
Event: 7.690 GC heap after
Heap after GC invocations=4 (full 0):
 PSYoungGen      total 37888K, used 5098K [0x00000000d6780000, 0x00000000d9180000, 0x0000000100000000)
  eden space 32768K, 0% used [0x00000000d6780000,0x00000000d6780000,0x00000000d8780000)
  from space 5120K, 99% used [0x00000000d8c80000,0x00000000d917a8b0,0x00000000d9180000)
  to   space 5120K, 0% used [0x00000000d8780000,0x00000000d8780000,0x00000000d8c80000)
 ParOldGen       total 86016K, used 6693K [0x0000000083600000, 0x0000000088a00000, 0x00000000d6780000)
  object space 86016K, 7% used [0x0000000083600000,0x0000000083c896a8,0x0000000088a00000)
 Metaspace       used 16549K, capacity 16834K, committed 17152K, reserved 1064960K
  class space    used 1847K, capacity 1946K, committed 2048K, reserved 1048576K
}
Event: 8.885 GC heap before
{Heap before GC invocations=5 (full 0):
 PSYoungGen      total 37888K, used 37866K [0x00000000d6780000, 0x00000000d9180000, 0x0000000100000000)
  eden space 32768K, 100% used [0x00000000d6780000,0x00000000d8780000,0x00000000d8780000)
  from space 5120K, 99% used [0x00000000d8c80000,0x00000000d917a8b0,0x00000000d9180000)
  to   space 5120K, 0% used [0x00000000d8780000,0x00000000d8780000,0x00000000d8c80000)
 ParOldGen       total 86016K, used 6693K [0x0000000083600000, 0x0000000088a00000, 0x00000000d6780000)
  object space 86016K, 7% used [0x0000000083600000,0x0000000083c896a8,0x0000000088a00000)
 Metaspace       used 16933K, capacity 17292K, committed 17664K, reserved 1064960K
  class space    used 1872K, capacity 1947K, committed 2048K, reserved 1048576K
Event: 8.897 GC heap after
Heap after GC invocations=5 (full 0):
 PSYoungGen      total 37376K, used 5113K [0x00000000d6780000, 0x00000000d9d00000, 0x0000000100000000)
  eden space 32256K, 0% used [0x00000000d6780000,0x00000000d6780000,0x00000000d8700000)
  from space 5120K, 99% used [0x00000000d8780000,0x00000000d8c7e660,0x00000000d8c80000)
  to   space 11264K, 0% used [0x00000000d9200000,0x00000000d9200000,0x00000000d9d00000)
 ParOldGen       total 86016K, used 11483K [0x0000000083600000, 0x0000000088a00000, 0x00000000d6780000)
  object space 86016K, 13% used [0x0000000083600000,0x0000000084136df0,0x0000000088a00000)
 Metaspace       used 16933K, capacity 17292K, committed 17664K, reserved 1064960K
  class space    used 1872K, capacity 1947K, committed 2048K, reserved 1048576K
}
Event: 9.700 GC heap before
{Heap before GC invocations=6 (full 0):
 PSYoungGen      total 37376K, used 37369K [0x00000000d6780000, 0x00000000d9d00000, 0x0000000100000000)
  eden space 32256K, 100% used [0x00000000d6780000,0x00000000d8700000,0x00000000d8700000)
  from space 5120K, 99% used [0x00000000d8780000,0x00000000d8c7e660,0x00000000d8c80000)
  to   space 11264K, 0% used [0x00000000d9200000,0x00000000d9200000,0x00000000d9d00000)
 ParOldGen       total 86016K, used 11483K [0x0000000083600000, 0x0000000088a00000, 0x00000000d6780000)
  object space 86016K, 13% used [0x0000000083600000,0x0000000084136df0,0x0000000088a00000)
 Metaspace       used 17154K, capacity 17520K, committed 17920K, reserved 1064960K
  class space    used 1876K, capacity 1953K, committed 2048K, reserved 1048576K
Event: 9.707 GC heap after
Heap after GC invocations=6 (full 0):
 PSYoungGen      total 42496K, used 8873K [0x00000000d6780000, 0x00000000d9c80000, 0x0000000100000000)
  eden space 31744K, 0% used [0x00000000d6780000,0x00000000d6780000,0x00000000d8680000)
  from space 10752K, 82% used [0x00000000d9200000,0x00000000d9aaa650,0x00000000d9c80000)
  to   space 11264K, 0% used [0x00000000d8680000,0x00000000d8680000,0x00000000d9180000)
 ParOldGen       total 86016K, used 11491K [0x0000000083600000, 0x0000000088a00000, 0x00000000d6780000)
  object space 86016K, 13% used [0x0000000083600000,0x0000000084138df0,0x0000000088a00000)
 Metaspace       used 17154K, capacity 17520K, committed 17920K, reserved 1064960K
  class space    used 1876K, capacity 1953K, committed 2048K, reserved 1048576K
}
Event: 10.430 GC heap before
{Heap before GC invocations=7 (full 0):
 PSYoungGen      total 42496K, used 40617K [0x00000000d6780000, 0x00000000d9c80000, 0x0000000100000000)
  eden space 31744K, 100% used [0x00000000d6780000,0x00000000d8680000,0x00000000d8680000)
  from space 10752K, 82% used [0x00000000d9200000,0x00000000d9aaa650,0x00000000d9c80000)
  to   space 11264K, 0% used [0x00000000d8680000,0x00000000d8680000,0x00000000d9180000)
 ParOldGen       total 86016K, used 11491K [0x0000000083600000, 0x0000000088a00000, 0x00000000d6780000)
  object space 86016K, 13% used [0x0000000083600000,0x0000000084138df0,0x0000000088a00000)
 Metaspace       used 17327K, capacity 17718K, committed 17920K, reserved 1064960K
  class space    used 1878K, capacity 1954K, committed 2048K, reserved 1048576K
Event: 10.439 GC heap after
Heap after GC invocations=7 (full 0):
 PSYoungGen      total 42496K, used 11248K [0x00000000d6780000, 0x00000000da100000, 0x0000000100000000)
  eden space 31232K, 0% used [0x00000000d6780000,0x00000000d6780000,0x00000000d8600000)
  from space 11264K, 99% used [0x00000000d8680000,0x00000000d917c030,0x00000000d9180000)
  to   space 13824K, 0% used [0x00000000d9380000,0x00000000d9380000,0x00000000da100000)
 ParOldGen       total 86016K, used 13618K [0x0000000083600000, 0x0000000088a00000, 0x00000000d6780000)
  object space 86016K, 15% used [0x0000000083600000,0x000000008434c820,0x0000000088a00000)
 Metaspace       used 17327K, capacity 17718K, committed 17920K, reserved 1064960K
  class space    used 1878K, capacity 1954K, committed 2048K, reserved 1048576K
}
Event: 11.969 GC heap before
{Heap before GC invocations=8 (full 0):
 PSYoungGen      total 42496K, used 42480K [0x00000000d6780000, 0x00000000da100000, 0x0000000100000000)
  eden space 31232K, 100% used [0x00000000d6780000,0x00000000d8600000,0x00000000d8600000)
  from space 11264K, 99% used [0x00000000d8680000,0x00000000d917c030,0x00000000d9180000)
  to   space 13824K, 0% used [0x00000000d9380000,0x00000000d9380000,0x00000000da100000)
 ParOldGen       total 86016K, used 13618K [0x0000000083600000, 0x0000000088a00000, 0x00000000d6780000)
  object space 86016K, 15% used [0x0000000083600000,0x000000008434c820,0x0000000088a00000)
 Metaspace       used 17552K, capacity 17948K, committed 18176K, reserved 1064960K
  class space    used 1893K, capacity 1987K, committed 2048K, reserved 1048576K
Event: 11.984 GC heap after
Heap after GC invocations=8 (full 0):
 PSYoungGen      total 44032K, used 11936K [0x00000000d6780000, 0x00000000da280000, 0x0000000100000000)
  eden space 30208K, 0% used [0x00000000d6780000,0x00000000d6780000,0x00000000d8500000)
  from space 13824K, 86% used [0x00000000d9380000,0x00000000d9f28000,0x00000000da100000)
  to   space 14848K, 0% used [0x00000000d8500000,0x00000000d8500000,0x00000000d9380000)
 ParOldGen       total 86016K, used 15716K [0x0000000083600000, 0x0000000088a00000, 0x00000000d6780000)
  object space 86016K, 18% used [0x0000000083600000,0x0000000084559070,0x0000000088a00000)
 Metaspace       used 17552K, capacity 17948K, committed 18176K, reserved 1064960K
  class space    used 1893K, capacity 1987K, committed 2048K, reserved 1048576K
}
Event: 13.029 GC heap before
{Heap before GC invocations=9 (full 0):
 PSYoungGen      total 44032K, used 42144K [0x00000000d6780000, 0x00000000da280000, 0x0000000100000000)
  eden space 30208K, 100% used [0x00000000d6780000,0x00000000d8500000,0x00000000d8500000)
  from space 13824K, 86% used [0x00000000d9380000,0x00000000d9f28000,0x00000000da100000)
  to   space 14848K, 0% used [0x00000000d8500000,0x00000000d8500000,0x00000000d9380000)
 ParOldGen       total 86016K, used 15716K [0x0000000083600000, 0x0000000088a00000, 0x00000000d6780000)
  object space 86016K, 18% used [0x0000000083600000,0x0000000084559070,0x0000000088a00000)
 Metaspace       used 18433K, capacity 18938K, committed 19072K, reserved 1067008K
  class space    used 1984K, capacity 2124K, committed 2176K, reserved 1048576K
Event: 13.040 GC heap after
Heap after GC invocations=9 (full 0):
 PSYoungGen      total 39936K, used 10157K [0x00000000d6780000, 0x00000000da080000, 0x0000000100000000)
  eden space 29696K, 0% used [0x00000000d6780000,0x00000000d6780000,0x00000000d8480000)
  from space 10240K, 99% used [0x00000000d8500000,0x00000000d8eeb510,0x00000000d8f00000)
  to   space 14336K, 0% used [0x00000000d9280000,0x00000000d9280000,0x00000000da080000)
 ParOldGen       total 86016K, used 19680K [0x0000000083600000, 0x0000000088a00000, 0x00000000d6780000)
  object space 86016K, 22% used [0x0000000083600000,0x0000000084938180,0x0000000088a00000)
 Metaspace       used 18433K, capacity 18938K, committed 19072K, reserved 1067008K
  class space    used 1984K, capacity 2124K, committed 2176K, reserved 1048576K
}
Event: 14.189 GC heap before
{Heap before GC invocations=10 (full 0):
 PSYoungGen      total 39936K, used 39853K [0x00000000d6780000, 0x00000000da080000, 0x0000000100000000)
  eden space 29696K, 100% used [0x00000000d6780000,0x00000000d8480000,0x00000000d8480000)
  from space 10240K, 99% used [0x00000000d8500000,0x00000000d8eeb510,0x00000000d8f00000)
  to   space 14336K, 0% used [0x00000000d9280000,0x00000000d9280000,0x00000000da080000)
 ParOldGen       total 86016K, used 19680K [0x0000000083600000, 0x0000000088a00000, 0x00000000d6780000)
  object space 86016K, 22% used [0x0000000083600000,0x0000000084938180,0x0000000088a00000)
 Metaspace       used 20145K, capacity 20702K, committed 20864K, reserved 1067008K
  class space    used 2173K, capacity 2332K, committed 2432K, reserved 1048576K
Event: 14.199 GC heap after
Heap after GC invocations=10 (full 0):
 PSYoungGen      total 43520K, used 3390K [0x00000000d6780000, 0x00000000da100000, 0x0000000100000000)
  eden space 29184K, 0% used [0x00000000d6780000,0x00000000d6780000,0x00000000d8400000)
  from space 14336K, 23% used [0x00000000d9280000,0x00000000d95cf8b0,0x00000000da080000)
  to   space 14848K, 0% used [0x00000000d8400000,0x00000000d8400000,0x00000000d9280000)
 ParOldGen       total 86016K, used 27232K [0x0000000083600000, 0x0000000088a00000, 0x00000000d6780000)
  object space 86016K, 31% used [0x0000000083600000,0x00000000850982f0,0x0000000088a00000)
 Metaspace       used 20145K, capacity 20702K, committed 20864K, reserved 1067008K
  class space    used 2173K, capacity 2332K, committed 2432K, reserved 1048576K
}
Event: 14.252 GC heap before
{Heap before GC invocations=11 (full 0):
 PSYoungGen      total 43520K, used 5833K [0x00000000d6780000, 0x00000000da100000, 0x0000000100000000)
  eden space 29184K, 8% used [0x00000000d6780000,0x00000000d69e2da8,0x00000000d8400000)
  from space 14336K, 23% used [0x00000000d9280000,0x00000000d95cf8b0,0x00000000da080000)
  to   space 14848K, 0% used [0x00000000d8400000,0x00000000d8400000,0x00000000d9280000)
 ParOldGen       total 86016K, used 27232K [0x0000000083600000, 0x0000000088a00000, 0x00000000d6780000)
  object space 86016K, 31% used [0x0000000083600000,0x00000000850982f0,0x0000000088a00000)
 Metaspace       used 20656K, capacity 21150K, committed 21296K, reserved 1069056K
  class space    used 2243K, capacity 2396K, committed 2432K, reserved 1048576K
Event: 14.255 GC heap after
Heap after GC invocations=11 (full 0):
 PSYoungGen      total 44032K, used 608K [0x00000000d6780000, 0x00000000db480000, 0x0000000100000000)
  eden space 29184K, 0% used [0x00000000d6780000,0x00000000d6780000,0x00000000d8400000)
  from space 14848K, 4% used [0x00000000d8400000,0x00000000d8498020,0x00000000d9280000)
  to   space 15872K, 0% used [0x00000000da500000,0x00000000da500000,0x00000000db480000)
 ParOldGen       total 86016K, used 29839K [0x0000000083600000, 0x0000000088a00000, 0x00000000d6780000)
  object space 86016K, 34% used [0x0000000083600000,0x0000000085323f70,0x0000000088a00000)
 Metaspace       used 20656K, capacity 21150K, committed 21296K, reserved 1069056K
  class space    used 2243K, capacity 2396K, committed 2432K, reserved 1048576K
}
Event: 14.255 GC heap before
{Heap before GC invocations=12 (full 1):
 PSYoungGen      total 44032K, used 608K [0x00000000d6780000, 0x00000000db480000, 0x0000000100000000)
  eden space 29184K, 0% used [0x00000000d6780000,0x00000000d6780000,0x00000000d8400000)
  from space 14848K, 4% used [0x00000000d8400000,0x00000000d8498020,0x00000000d9280000)
  to   space 15872K, 0% used [0x00000000da500000,0x00000000da500000,0x00000000db480000)
 ParOldGen       total 86016K, used 29839K [0x0000000083600000, 0x0000000088a00000, 0x00000000d6780000)
  object space 86016K, 34% used [0x0000000083600000,0x0000000085323f70,0x0000000088a00000)
 Metaspace       used 20656K, capacity 21150K, committed 21296K, reserved 1069056K
  class space    used 2243K, capacity 2396K, committed 2432K, reserved 1048576K
Event: 14.393 GC heap after
Heap after GC invocations=12 (full 1):
 PSYoungGen      total 44032K, used 0K [0x00000000d6780000, 0x00000000db480000, 0x0000000100000000)
  eden space 29184K, 0% used [0x00000000d6780000,0x00000000d6780000,0x00000000d8400000)
  from space 14848K, 0% used [0x00000000d8400000,0x00000000d8400000,0x00000000d9280000)
  to   space 15872K, 0% used [0x00000000da500000,0x00000000da500000,0x00000000db480000)
 ParOldGen       total 75776K, used 24790K [0x0000000083600000, 0x0000000088000000, 0x00000000d6780000)
  object space 75776K, 32% used [0x0000000083600000,0x0000000084e358e0,0x0000000088000000)
 Metaspace       used 20656K, capacity 21150K, committed 21296K, reserved 1069056K
  class space    used 2243K, capacity 2396K, committed 2432K, reserved 1048576K
}
Event: 14.681 GC heap before
{Heap before GC invocations=13 (full 1):
 PSYoungGen      total 44032K, used 29173K [0x00000000d6780000, 0x00000000db480000, 0x0000000100000000)
  eden space 29184K, 99% used [0x00000000d6780000,0x00000000d83fd6a8,0x00000000d8400000)
  from space 14848K, 0% used [0x00000000d8400000,0x00000000d8400000,0x00000000d9280000)
  to   space 15872K, 0% used [0x00000000da500000,0x00000000da500000,0x00000000db480000)
 ParOldGen       total 75776K, used 24790K [0x0000000083600000, 0x0000000088000000, 0x00000000d6780000)
  object space 75776K, 32% used [0x0000000083600000,0x0000000084e358e0,0x0000000088000000)
 Metaspace       used 22911K, capacity 23454K, committed 23680K, reserved 1071104K
  class space    used 2515K, capacity 2652K, committed 2688K, reserved 1048576K
Event: 14.685 GC heap after
Heap after GC invocations=13 (full 1):
 PSYoungGen      total 49664K, used 923K [0x00000000d6780000, 0x00000000dae00000, 0x0000000100000000)
  eden space 40448K, 0% used [0x00000000d6780000,0x00000000d6780000,0x00000000d8f00000)
  from space 9216K, 10% used [0x00000000da500000,0x00000000da5e6ec8,0x00000000dae00000)
  to   space 15872K, 0% used [0x00000000d8f00000,0x00000000d8f00000,0x00000000d9e80000)
 ParOldGen       total 75776K, used 24790K [0x0000000083600000, 0x0000000088000000, 0x00000000d6780000)
  object space 75776K, 32% used [0x0000000083600000,0x0000000084e358e0,0x0000000088000000)
 Metaspace       used 22911K, capacity 23454K, committed 23680K, reserved 1071104K
  class space    used 2515K, capacity 2652K, committed 2688K, reserved 1048576K
}
Event: 15.995 GC heap before
{Heap before GC invocations=14 (full 1):
 PSYoungGen      total 49664K, used 41371K [0x00000000d6780000, 0x00000000dae00000, 0x0000000100000000)
  eden space 40448K, 100% used [0x00000000d6780000,0x00000000d8f00000,0x00000000d8f00000)
  from space 9216K, 10% used [0x00000000da500000,0x00000000da5e6ec8,0x00000000dae00000)
  to   space 15872K, 0% used [0x00000000d8f00000,0x00000000d8f00000,0x00000000d9e80000)
 ParOldGen       total 75776K, used 24790K [0x0000000083600000, 0x0000000088000000, 0x00000000d6780000)
  object space 75776K, 32% used [0x0000000083600000,0x0000000084e358e0,0x0000000088000000)
 Metaspace       used 23364K, capacity 23902K, committed 24064K, reserved 1071104K
  class space    used 2548K, capacity 2716K, committed 2816K, reserved 1048576K
Event: 16.004 GC heap after
Heap after GC invocations=14 (full 1):
 PSYoungGen      total 56320K, used 9061K [0x00000000d6780000, 0x00000000dbc80000, 0x0000000100000000)
  eden space 40448K, 0% used [0x00000000d6780000,0x00000000d6780000,0x00000000d8f00000)
  from space 15872K, 57% used [0x00000000d8f00000,0x00000000d97d9518,0x00000000d9e80000)
  to   space 15872K, 0% used [0x00000000dad00000,0x00000000dad00000,0x00000000dbc80000)
 ParOldGen       total 75776K, used 25410K [0x0000000083600000, 0x0000000088000000, 0x00000000d6780000)
  object space 75776K, 33% used [0x0000000083600000,0x0000000084ed0950,0x0000000088000000)
 Metaspace       used 23364K, capacity 23902K, committed 24064K, reserved 1071104K
  class space    used 2548K, capacity 2716K, committed 2816K, reserved 1048576K
}
Event: 17.273 GC heap before
{Heap before GC invocations=15 (full 1):
 PSYoungGen      total 56320K, used 49509K [0x00000000d6780000, 0x00000000dbc80000, 0x0000000100000000)
  eden space 40448K, 100% used [0x00000000d6780000,0x00000000d8f00000,0x00000000d8f00000)
  from space 15872K, 57% used [0x00000000d8f00000,0x00000000d97d9518,0x00000000d9e80000)
  to   space 15872K, 0% used [0x00000000dad00000,0x00000000dad00000,0x00000000dbc80000)
 ParOldGen       total 75776K, used 25410K [0x0000000083600000, 0x0000000088000000, 0x00000000d6780000)
  object space 75776K, 33% used [0x0000000083600000,0x0000000084ed0950,0x0000000088000000)
 Metaspace       used 24703K, capacity 25214K, committed 25344K, reserved 1071104K
  class space    used 2680K, capacity 2812K, committed 2816K, reserved 1048576K
Event: 17.283 GC heap after
Heap after GC invocations=15 (full 1):
 PSYoungGen      total 69120K, used 9273K [0x00000000d6780000, 0x00000000dbb80000, 0x0000000100000000)
  eden space 54272K, 0% used [0x00000000d6780000,0x00000000d6780000,0x00000000d9c80000)
  from space 14848K, 62% used [0x00000000dad00000,0x00000000db60e6e0,0x00000000dbb80000)
  to   space 15872K, 0% used [0x00000000d9c80000,0x00000000d9c80000,0x00000000dac00000)
 ParOldGen       total 75776K, used 30668K [0x0000000083600000, 0x0000000088000000, 0x00000000d6780000)
  object space 75776K, 40% used [0x0000000083600000,0x00000000853f3340,0x0000000088000000)
 Metaspace       used 24703K, capacity 25214K, committed 25344K, reserved 1071104K
  class space    used 2680K, capacity 2812K, committed 2816K, reserved 1048576K
}
Event: 18.800 GC heap before
{Heap before GC invocations=16 (full 1):
 PSYoungGen      total 69120K, used 63545K [0x00000000d6780000, 0x00000000dbb80000, 0x0000000100000000)
  eden space 54272K, 100% used [0x00000000d6780000,0x00000000d9c80000,0x00000000d9c80000)
  from space 14848K, 62% used [0x00000000dad00000,0x00000000db60e6e0,0x00000000dbb80000)
  to   space 15872K, 0% used [0x00000000d9c80000,0x00000000d9c80000,0x00000000dac00000)
 ParOldGen       total 75776K, used 30668K [0x0000000083600000, 0x0000000088000000, 0x00000000d6780000)
  object space 75776K, 40% used [0x0000000083600000,0x00000000853f3340,0x0000000088000000)
 Metaspace       used 26531K, capacity 27136K, committed 27520K, reserved 1073152K
  class space    used 2921K, capacity 3075K, committed 3200K, reserved 1048576K
Event: 18.826 GC heap after
Heap after GC invocations=16 (full 1):
 PSYoungGen      total 70144K, used 3903K [0x00000000d6780000, 0x00000000dce80000, 0x0000000100000000)
  eden space 54272K, 0% used [0x00000000d6780000,0x00000000d6780000,0x00000000d9c80000)
  from space 15872K, 24% used [0x00000000d9c80000,0x00000000da04ffb8,0x00000000dac00000)
  to   space 15872K, 0% used [0x00000000dbf00000,0x00000000dbf00000,0x00000000dce80000)
 ParOldGen       total 75776K, used 39414K [0x0000000083600000, 0x0000000088000000, 0x00000000d6780000)
  object space 75776K, 52% used [0x0000000083600000,0x0000000085c7db60,0x0000000088000000)
 Metaspace       used 26531K, capacity 27136K, committed 27520K, reserved 1073152K
  class space    used 2921K, capacity 3075K, committed 3200K, reserved 1048576K
}
Event: 20.321 GC heap before
{Heap before GC invocations=17 (full 1):
 PSYoungGen      total 70144K, used 58175K [0x00000000d6780000, 0x00000000dce80000, 0x0000000100000000)
  eden space 54272K, 100% used [0x00000000d6780000,0x00000000d9c80000,0x00000000d9c80000)
  from space 15872K, 24% used [0x00000000d9c80000,0x00000000da04ffb8,0x00000000dac00000)
  to   space 15872K, 0% used [0x00000000dbf00000,0x00000000dbf00000,0x00000000dce80000)
 ParOldGen       total 75776K, used 39414K [0x0000000083600000, 0x0000000088000000, 0x00000000d6780000)
  object space 75776K, 52% used [0x0000000083600000,0x0000000085c7db60,0x0000000088000000)
 Metaspace       used 31201K, capacity 31976K, committed 32128K, reserved 1077248K
  class space    used 3478K, capacity 3697K, committed 3712K, reserved 1048576K
Event: 20.331 GC heap after
Heap after GC invocations=17 (full 1):
 PSYoungGen      total 86528K, used 4873K [0x00000000d6780000, 0x00000000dcc80000, 0x0000000100000000)
  eden space 72704K, 0% used [0x00000000d6780000,0x00000000d6780000,0x00000000dae80000)
  from space 13824K, 35% used [0x00000000dbf00000,0x00000000dc3c2528,0x00000000dcc80000)
  to   space 15360K, 0% used [0x00000000dae80000,0x00000000dae80000,0x00000000dbd80000)
 ParOldGen       total 75776K, used 41462K [0x0000000083600000, 0x0000000088000000, 0x00000000d6780000)
  object space 75776K, 54% used [0x0000000083600000,0x0000000085e7db60,0x0000000088000000)
 Metaspace       used 31201K, capacity 31976K, committed 32128K, reserved 1077248K
  class space    used 3478K, capacity 3697K, committed 3712K, reserved 1048576K
}
Event: 21.256 GC heap before
{Heap before GC invocations=18 (full 1):
 PSYoungGen      total 86528K, used 50220K [0x00000000d6780000, 0x00000000dcc80000, 0x0000000100000000)
  eden space 72704K, 62% used [0x00000000d6780000,0x00000000d93c8de0,0x00000000dae80000)
  from space 13824K, 35% used [0x00000000dbf00000,0x00000000dc3c2528,0x00000000dcc80000)
  to   space 15360K, 0% used [0x00000000dae80000,0x00000000dae80000,0x00000000dbd80000)
 ParOldGen       total 75776K, used 41462K [0x0000000083600000, 0x0000000088000000, 0x00000000d6780000)
  object space 75776K, 54% used [0x0000000083600000,0x0000000085e7db60,0x0000000088000000)
 Metaspace       used 34575K, capacity 35432K, committed 35456K, reserved 1081344K
  class space    used 3980K, capacity 4221K, committed 4224K, reserved 1048576K
Event: 21.263 GC heap after
Heap after GC invocations=18 (full 1):
 PSYoungGen      total 88064K, used 4094K [0x00000000d6780000, 0x00000000dda80000, 0x0000000100000000)
  eden space 72704K, 0% used [0x00000000d6780000,0x00000000d6780000,0x00000000dae80000)
  from space 15360K, 26% used [0x00000000dae80000,0x00000000db27f908,0x00000000dbd80000)
  to   space 14848K, 0% used [0x00000000dcc00000,0x00000000dcc00000,0x00000000dda80000)
 ParOldGen       total 75776K, used 43045K [0x0000000083600000, 0x0000000088000000, 0x00000000d6780000)
  object space 75776K, 56% used [0x0000000083600000,0x0000000086009660,0x0000000088000000)
 Metaspace       used 34575K, capacity 35432K, committed 35456K, reserved 1081344K
  class space    used 3980K, capacity 4221K, committed 4224K, reserved 1048576K
}
Event: 21.263 GC heap before
{Heap before GC invocations=19 (full 2):
 PSYoungGen      total 88064K, used 4094K [0x00000000d6780000, 0x00000000dda80000, 0x0000000100000000)
  eden space 72704K, 0% used [0x00000000d6780000,0x00000000d6780000,0x00000000dae80000)
  from space 15360K, 26% used [0x00000000dae80000,0x00000000db27f908,0x00000000dbd80000)
  to   space 14848K, 0% used [0x00000000dcc00000,0x00000000dcc00000,0x00000000dda80000)
 ParOldGen       total 75776K, used 43045K [0x0000000083600000, 0x0000000088000000, 0x00000000d6780000)
  object space 75776K, 56% used [0x0000000083600000,0x0000000086009660,0x0000000088000000)
 Metaspace       used 34575K, capacity 35432K, committed 35456K, reserved 1081344K
  class space    used 3980K, capacity 4221K, committed 4224K, reserved 1048576K
Event: 21.434 GC heap after
Heap after GC invocations=19 (full 2):
 PSYoungGen      total 88064K, used 0K [0x00000000d6780000, 0x00000000dda80000, 0x0000000100000000)
  eden space 72704K, 0% used [0x00000000d6780000,0x00000000d6780000,0x00000000dae80000)
  from space 15360K, 0% used [0x00000000dae80000,0x00000000dae80000,0x00000000dbd80000)
  to   space 14848K, 0% used [0x00000000dcc00000,0x00000000dcc00000,0x00000000dda80000)
 ParOldGen       total 75776K, used 43508K [0x0000000083600000, 0x0000000088000000, 0x00000000d6780000)
  object space 75776K, 57% used [0x0000000083600000,0x000000008607d070,0x0000000088000000)
 Metaspace       used 34573K, capacity 35426K, committed 35456K, reserved 1081344K
  class space    used 3979K, capacity 4220K, committed 4224K, reserved 1048576K
}
Event: 24.389 GC heap before
{Heap before GC invocations=20 (full 2):
 PSYoungGen      total 88064K, used 72704K [0x00000000d6780000, 0x00000000dda80000, 0x0000000100000000)
  eden space 72704K, 100% used [0x00000000d6780000,0x00000000dae80000,0x00000000dae80000)
  from space 15360K, 0% used [0x00000000dae80000,0x00000000dae80000,0x00000000dbd80000)
  to   space 14848K, 0% used [0x00000000dcc00000,0x00000000dcc00000,0x00000000dda80000)
 ParOldGen       total 75776K, used 43508K [0x0000000083600000, 0x0000000088000000, 0x00000000d6780000)
  object space 75776K, 57% used [0x0000000083600000,0x000000008607d070,0x0000000088000000)
 Metaspace       used 42302K, capacity 43430K, committed 43520K, reserved 1087488K
  class space    used 4997K, capacity 5288K, committed 5376K, reserved 1048576K
Event: 24.397 GC heap after
Heap after GC invocations=20 (full 2):
 PSYoungGen      total 91648K, used 7379K [0x00000000d6780000, 0x00000000dd480000, 0x0000000100000000)
  eden space 82944K, 0% used [0x00000000d6780000,0x00000000d6780000,0x00000000db880000)
  from space 8704K, 84% used [0x00000000dcc00000,0x00000000dd334db8,0x00000000dd480000)
  to   space 14336K, 0% used [0x00000000db880000,0x00000000db880000,0x00000000dc680000)
 ParOldGen       total 75776K, used 43580K [0x0000000083600000, 0x0000000088000000, 0x00000000d6780000)
  object space 75776K, 57% used [0x0000000083600000,0x000000008608f080,0x0000000088000000)
 Metaspace       used 42302K, capacity 43430K, committed 43520K, reserved 1087488K
  class space    used 4997K, capacity 5288K, committed 5376K, reserved 1048576K
}
Event: 27.354 GC heap before
{Heap before GC invocations=21 (full 2):
 PSYoungGen      total 91648K, used 90316K [0x00000000d6780000, 0x00000000dd480000, 0x0000000100000000)
  eden space 82944K, 99% used [0x00000000d6780000,0x00000000db87e598,0x00000000db880000)
  from space 8704K, 84% used [0x00000000dcc00000,0x00000000dd334db8,0x00000000dd480000)
  to   space 14336K, 0% used [0x00000000db880000,0x00000000db880000,0x00000000dc680000)
 ParOldGen       total 75776K, used 43580K [0x0000000083600000, 0x0000000088000000, 0x00000000d6780000)
  object space 75776K, 57% used [0x0000000083600000,0x000000008608f080,0x0000000088000000)
 Metaspace       used 46114K, capacity 47536K, committed 47872K, reserved 1091584K
  class space    used 5490K, capacity 5821K, committed 5888K, reserved 1048576K
Event: 27.363 GC heap after
Heap after GC invocations=21 (full 2):
 PSYoungGen      total 97280K, used 7611K [0x00000000d6780000, 0x00000000dd480000, 0x0000000100000000)
  eden space 82944K, 0% used [0x00000000d6780000,0x00000000d6780000,0x00000000db880000)
  from space 14336K, 53% used [0x00000000db880000,0x00000000dbfeec58,0x00000000dc680000)
  to   space 8704K, 0% used [0x00000000dcc00000,0x00000000dcc00000,0x00000000dd480000)
 ParOldGen       total 75776K, used 43588K [0x0000000083600000, 0x0000000088000000, 0x00000000d6780000)
  object space 75776K, 57% used [0x0000000083600000,0x0000000086091080,0x0000000088000000)
 Metaspace       used 46114K, capacity 47536K, committed 47872K, reserved 1091584K
  class space    used 5490K, capacity 5821K, committed 5888K, reserved 1048576K
}
Event: 27.913 GC heap before
{Heap before GC invocations=22 (full 2):
 PSYoungGen      total 97280K, used 90555K [0x00000000d6780000, 0x00000000dd480000, 0x0000000100000000)
  eden space 82944K, 100% used [0x00000000d6780000,0x00000000db880000,0x00000000db880000)
  from space 14336K, 53% used [0x00000000db880000,0x00000000dbfeec58,0x00000000dc680000)
  to   space 8704K, 0% used [0x00000000dcc00000,0x00000000dcc00000,0x00000000dd480000)
 ParOldGen       total 75776K, used 43588K [0x0000000083600000, 0x0000000088000000, 0x00000000d6780000)
  object space 75776K, 57% used [0x0000000083600000,0x0000000086091080,0x0000000088000000)
 Metaspace       used 47568K, capacity 49046K, committed 49280K, reserved 1093632K
  class space    used 5649K, capacity 5978K, committed 6016K, reserved 1048576K
Event: 27.922 GC heap after
Heap after GC invocations=22 (full 2):
 PSYoungGen      total 97280K, used 8691K [0x00000000d6780000, 0x00000000de080000, 0x0000000100000000)
  eden space 88576K, 0% used [0x00000000d6780000,0x00000000d6780000,0x00000000dbe00000)
  from space 8704K, 99% used [0x00000000dcc00000,0x00000000dd47cda8,0x00000000dd480000)
  to   space 14336K, 0% used [0x00000000dbe00000,0x00000000dbe00000,0x00000000dcc00000)
 ParOldGen       total 75776K, used 44423K [0x0000000083600000, 0x0000000088000000, 0x00000000d6780000)
  object space 75776K, 58% used [0x0000000083600000,0x0000000086161f78,0x0000000088000000)
 Metaspace       used 47568K, capacity 49046K, committed 49280K, reserved 1093632K
  class space    used 5649K, capacity 5978K, committed 6016K, reserved 1048576K
}
Event: 29.315 GC heap before
{Heap before GC invocations=23 (full 2):
 PSYoungGen      total 97280K, used 97267K [0x00000000d6780000, 0x00000000de080000, 0x0000000100000000)
  eden space 88576K, 100% used [0x00000000d6780000,0x00000000dbe00000,0x00000000dbe00000)
  from space 8704K, 99% used [0x00000000dcc00000,0x00000000dd47cda8,0x00000000dd480000)
  to   space 14336K, 0% used [0x00000000dbe00000,0x00000000dbe00000,0x00000000dcc00000)
 ParOldGen       total 75776K, used 44423K [0x0000000083600000, 0x0000000088000000, 0x00000000d6780000)
  object space 75776K, 58% used [0x0000000083600000,0x0000000086161f78,0x0000000088000000)
 Metaspace       used 49959K, capacity 51558K, committed 51712K, reserved 1095680K
  class space    used 6005K, capacity 6358K, committed 6400K, reserved 1048576K
Event: 29.331 GC heap after
Heap after GC invocations=23 (full 2):
 PSYoungGen      total 102912K, used 10575K [0x00000000d6780000, 0x00000000de800000, 0x0000000100000000)
  eden space 88576K, 0% used [0x00000000d6780000,0x00000000d6780000,0x00000000dbe00000)
  from space 14336K, 73% used [0x00000000dbe00000,0x00000000dc853cb0,0x00000000dcc00000)
  to   space 14848K, 0% used [0x00000000dd980000,0x00000000dd980000,0x00000000de800000)
 ParOldGen       total 75776K, used 48333K [0x0000000083600000, 0x0000000088000000, 0x00000000d6780000)
  object space 75776K, 63% used [0x0000000083600000,0x0000000086533660,0x0000000088000000)
 Metaspace       used 49959K, capacity 51558K, committed 51712K, reserved 1095680K
  class space    used 6005K, capacity 6358K, committed 6400K, reserved 1048576K
}
Event: 30.638 GC heap before
{Heap before GC invocations=24 (full 2):
 PSYoungGen      total 102912K, used 99151K [0x00000000d6780000, 0x00000000de800000, 0x0000000100000000)
  eden space 88576K, 100% used [0x00000000d6780000,0x00000000dbe00000,0x00000000dbe00000)
  from space 14336K, 73% used [0x00000000dbe00000,0x00000000dc853cb0,0x00000000dcc00000)
  to   space 14848K, 0% used [0x00000000dd980000,0x00000000dd980000,0x00000000de800000)
 ParOldGen       total 75776K, used 48333K [0x0000000083600000, 0x0000000088000000, 0x00000000d6780000)
  object space 75776K, 63% used [0x0000000083600000,0x0000000086533660,0x0000000088000000)
 Metaspace       used 54559K, capacity 56374K, committed 56576K, reserved 1099776K
  class space    used 6668K, capacity 7070K, committed 7168K, reserved 1048576K
Event: 30.653 GC heap after
Heap after GC invocations=24 (full 2):
 PSYoungGen      total 115200K, used 13221K [0x00000000d6780000, 0x00000000deb80000, 0x0000000100000000)
  eden space 100352K, 0% used [0x00000000d6780000,0x00000000d6780000,0x00000000dc980000)
  from space 14848K, 89% used [0x00000000dd980000,0x00000000de669440,0x00000000de800000)
  to   space 16384K, 0% used [0x00000000dc980000,0x00000000dc980000,0x00000000dd980000)
 ParOldGen       total 75776K, used 48341K [0x0000000083600000, 0x0000000088000000, 0x00000000d6780000)
  object space 75776K, 63% used [0x0000000083600000,0x0000000086535660,0x0000000088000000)
 Metaspace       used 54559K, capacity 56374K, committed 56576K, reserved 1099776K
  class space    used 6668K, capacity 7070K, committed 7168K, reserved 1048576K
}

